============================= test session starts =============================
platform win32 -- Python 3.10.18, pytest-9.0.2, pluggy-1.6.0 -- C:\Users\bwang\anaconda3\envs\trader\python.exe
cachedir: .pytest_cache
rootdir: C:\Users\bwang\Documents\GitHub\CL_Analyst_Development
configfile: pytest.ini
collecting ... collected 445 items

tests/data/test_verifier.py::TestStructureChecks::test_no_nan_values_passes_clean_data PASSED [  0%]
tests/data/test_verifier.py::TestStructureChecks::test_no_nan_values_catches_nan PASSED [  0%]
tests/data/test_verifier.py::TestStructureChecks::test_no_inf_values_passes_clean_data PASSED [  0%]
tests/data/test_verifier.py::TestStructureChecks::test_no_inf_values_catches_inf PASSED [  0%]
tests/data/test_verifier.py::TestStructureChecks::test_index_monotonic_passes_sorted_data PASSED [  1%]
tests/data/test_verifier.py::TestStructureChecks::test_index_monotonic_catches_unsorted_data PASSED [  1%]
tests/data/test_verifier.py::TestStructureChecks::test_check_structure_runs_all_checks PASSED [  1%]
tests/data/test_verifier.py::TestPhysicsChecks::test_rsi_bounds_passes_valid_data PASSED [  1%]
tests/data/test_verifier.py::TestPhysicsChecks::test_rsi_bounds_catches_negative_rsi PASSED [  2%]
tests/data/test_verifier.py::TestPhysicsChecks::test_rsi_bounds_catches_over_100_rsi PASSED [  2%]
tests/data/test_verifier.py::TestPhysicsChecks::test_volatility_non_negative_passes_valid_data PASSED [  2%]
tests/data/test_verifier.py::TestPhysicsChecks::test_volatility_non_negative_catches_negative PASSED [  2%]
tests/data/test_verifier.py::TestPhysicsChecks::test_time_sin_bounds_passes_valid_data PASSED [  2%]
tests/data/test_verifier.py::TestPhysicsChecks::test_time_sin_bounds_catches_invalid PASSED [  3%]
tests/data/test_verifier.py::TestPhysicsChecks::test_time_cos_bounds_passes_valid_data PASSED [  3%]
tests/data/test_verifier.py::TestPhysicsChecks::test_time_cos_bounds_catches_invalid PASSED [  3%]
tests/data/test_verifier.py::TestPhysicsChecks::test_check_physics_runs_all_checks PASSED [  3%]
tests/data/test_verifier.py::TestSanityChecks::test_no_target_leakage_passes_clean_data PASSED [  4%]
tests/data/test_verifier.py::TestSanityChecks::test_no_target_leakage_catches_leakage PASSED [  4%]
tests/data/test_verifier.py::TestSanityChecks::test_check_sanity_runs_all_checks PASSED [  4%]
tests/data/test_verifier.py::TestEdgeCases::test_zero_price_handling PASSED [  4%]
tests/data/test_verifier.py::TestEdgeCases::test_flat_market_handling PASSED [  4%]
tests/data/test_verifier.py::TestEdgeCases::test_midnight_wraparound_valid_encoding PASSED [  5%]
tests/data/test_verifier.py::TestEdgeCases::test_midnight_wraparound_catches_bad_encoding PASSED [  5%]
tests/data/test_verifier.py::TestIntegration::test_verify_all_passes_clean_data PASSED [  5%]
tests/data/test_verifier.py::TestIntegration::test_verify_all_catches_multiple_errors PASSED [  5%]
tests/data/test_verifier.py::TestIntegration::test_verify_all_raises_on_error PASSED [  6%]
tests/data/test_verifier.py::TestIntegration::test_get_report_structure PASSED [  6%]
tests/data/test_verifier.py::TestIntegration::test_convenience_function_verify_dataset PASSED [  6%]
tests/data/test_verifier.py::TestIntegration::test_convenience_function_raises_on_invalid PASSED [  6%]
tests/data/test_verifier.py::TestMissingColumnHandling::test_rsi_check_warns_when_column_missing PASSED [  6%]
tests/data/test_verifier.py::TestMissingColumnHandling::test_time_sin_check_warns_when_column_missing PASSED [  7%]
tests/data/test_verifier.py::TestMissingColumnHandling::test_target_leakage_check_warns_when_target_missing PASSED [  7%]
tests/features/test_indicators.py::TestRSI::test_rsi_trending_up_approaches_100 PASSED [  7%]
tests/features/test_indicators.py::TestRSI::test_rsi_trending_down_approaches_0 PASSED [  7%]
tests/features/test_indicators.py::TestRSI::test_rsi_bounds_always_valid PASSED [  8%]
tests/features/test_indicators.py::TestRSI::test_rsi_neutral_market_around_50 PASSED [  8%]
tests/features/test_indicators.py::TestRSI::test_rsi_warmup_logic PASSED [  8%]
tests/features/test_indicators.py::TestVolatility::test_volatility_flat_market_is_zero PASSED [  8%]
tests/features/test_indicators.py::TestVolatility::test_volatility_non_negative PASSED [  8%]
tests/features/test_indicators.py::TestVolatility::test_volatility_increases_with_variance PASSED [  9%]
tests/features/test_indicators.py::TestRollingWindows::test_rolling_indicators_have_initial_nan PASSED [  9%]
tests/features/test_indicators.py::TestRollingWindows::test_sma_window_size_correct PASSED [  9%]
tests/features/test_indicators.py::TestRollingWindows::test_generate_features_drops_nan PASSED [  9%]
tests/features/test_indicators.py::TestRollingWindows::test_row_count_reduced_by_largest_window PASSED [ 10%]
tests/features/test_indicators.py::TestFeatureOutput::test_output_contains_expected_columns PASSED [ 10%]
tests/features/test_indicators.py::TestFeatureOutput::test_output_preserves_ohlcv PASSED [ 10%]
tests/features/test_indicators.py::TestFeatureOutput::test_output_index_preserved PASSED [ 10%]
tests/features/test_indicators.py::TestFeatureOutput::test_ema_follows_price PASSED [ 11%]
tests/features/test_indicators.py::TestEdgeCaseHandling::test_handles_minimum_data PASSED [ 11%]
tests/features/test_indicators.py::TestEdgeCaseHandling::test_handles_large_price_spike PASSED [ 11%]
tests/features/test_indicators.py::TestEdgeCaseHandling::test_handles_duplicate_timestamps PASSED [ 11%]
tests/models/test_lgbm_learner.py::TestOverfittingCapability::test_lgbm_overfitting_capability PASSED [ 11%]
tests/models/test_lgbm_learner.py::TestOverfittingCapability::test_lgbm_multiclass_overfitting PASSED [ 12%]
tests/models/test_lgbm_learner.py::TestPersistence::test_lgbm_persistence_identical_predictions PASSED [ 12%]
tests/models/test_lgbm_learner.py::TestPersistence::test_lgbm_persistence_file_created PASSED [ 12%]
tests/models/test_lgbm_learner.py::TestPersistence::test_lgbm_load_nonexistent_file_raises PASSED [ 12%]
tests/models/test_lgbm_learner.py::TestInputGuardrails::test_lgbm_missing_columns_error PASSED [ 13%]
tests/models/test_lgbm_learner.py::TestInputGuardrails::test_lgbm_extra_columns_error PASSED [ 13%]
tests/models/test_lgbm_learner.py::TestInputGuardrails::test_lgbm_query_before_train_error PASSED [ 13%]
tests/models/test_lgbm_learner.py::TestInputGuardrails::test_lgbm_empty_data_error PASSED [ 13%]
tests/models/test_lgbm_learner.py::TestInputGuardrails::test_lgbm_mismatched_xy_shapes_error PASSED [ 13%]
tests/models/test_lgbm_learner.py::TestInterfaceCompliance::test_lgbm_has_add_evidence_method PASSED [ 14%]
tests/models/test_lgbm_learner.py::TestInterfaceCompliance::test_lgbm_has_query_method PASSED [ 14%]
tests/models/test_lgbm_learner.py::TestInterfaceCompliance::test_lgbm_query_returns_numpy_array PASSED [ 14%]
tests/models/test_lgbm_learner.py::TestInterfaceCompliance::test_lgbm_query_returns_correct_shape PASSED [ 14%]
tests/models/test_lgbm_learner.py::TestInterfaceCompliance::test_lgbm_author_method PASSED [ 15%]
tests/models/test_lgbm_learner.py::TestReproducibility::test_lgbm_reproducible_with_seed PASSED [ 15%]
tests/models/test_lgbm_learner.py::TestReproducibility::test_lgbm_different_seeds_may_differ PASSED [ 15%]
tests/test_account_summary.py::TestGetAccountSummary::test_returns_cl_only_data PASSED [ 15%]
tests/test_account_summary.py::TestGetAccountSummary::test_no_cl_position_returns_zeros PASSED [ 15%]
tests/test_account_summary.py::TestGetAccountSummary::test_empty_account PASSED [ 16%]
tests/test_account_summary.py::TestTradeSummary::test_empty_db PASSED    [ 16%]
tests/test_account_summary.py::TestTradeSummary::test_with_signals PASSED [ 16%]
tests/test_account_summary.py::TestTradeSummary::test_bars_counted PASSED [ 16%]
tests/test_account_summary.py::TestPrintAccountSummary::test_prints_account_info PASSED [ 17%]
tests/test_account_summary.py::TestPrintAccountSummary::test_long_position_shows_long PASSED [ 17%]
tests/test_account_summary.py::TestPrintAccountSummary::test_short_position_shows_short PASSED [ 17%]
tests/test_account_summary.py::TestPrintAccountSummary::test_handles_exception_gracefully PASSED [ 17%]
tests/test_account_summary.py::TestPrintAccountSummary::test_no_signals_date_range PASSED [ 17%]
tests/test_alpha_factory.py::test_volatility_flat_line PASSED            [ 18%]
tests/test_alpha_factory.py::test_volatility_non_negative PASSED         [ 18%]
tests/test_alpha_factory.py::test_liquidity_non_negative PASSED          [ 18%]
tests/test_alpha_factory.py::test_add_all_features_columns PASSED        [ 18%]
tests/test_alpha_factory.py::test_no_inf_or_nan_after_warmup PASSED      [ 19%]
tests/test_alpha_factory.py::test_structure_physics PASSED               [ 19%]
tests/test_alpha_factory.py::test_macro_context_integration PASSED       [ 19%]
tests/test_alpha_factory.py::test_return_distribution_non_nan PASSED     [ 19%]
tests/test_alpha_factory.py::test_stochastic_bounded PASSED              [ 20%]
tests/test_alpha_factory.py::test_cmf_bounded PASSED                     [ 20%]
tests/test_alpha_factory.py::test_cross_timeframe_ratios PASSED          [ 20%]
tests/test_alpha_factory.py::test_add_all_features_extended PASSED       [ 20%]
tests/test_alpha_factory.py::test_exhaustion_divergence_columns_exist PASSED [ 20%]
tests/test_alpha_factory.py::test_effort_reward_non_negative PASSED      [ 21%]
tests/test_alpha_factory.py::test_exhaustion_divergence_no_lookahead PASSED [ 21%]
tests/test_backtest_engine.py::TestTPHit::test_tp_hit_exits_correctly PASSED [ 21%]
tests/test_backtest_engine.py::TestSLHit::test_sl_hit_exits_correctly PASSED [ 21%]
tests/test_backtest_engine.py::TestTimeBarrier::test_time_barrier_forces_exit_at_289 PASSED [ 22%]
tests/test_backtest_engine.py::TestTrailingStop::test_trailing_stop_moves_to_breakeven PASSED [ 22%]
tests/test_backtest_engine.py::TestTrailingStop::test_trailing_stop_breakeven_exit_pnl_near_zero PASSED [ 22%]
tests/test_backtest_engine.py::TestCooldown::test_cooldown_rejects_signals PASSED [ 22%]
tests/test_backtest_engine.py::TestCooldown::test_cooldown_expires_after_n_bars PASSED [ 22%]
tests/test_backtest_engine.py::TestGapFill::test_gap_fills_at_open_not_stop PASSED [ 23%]
tests/test_backtest_engine.py::TestSlippage::test_slippage_applied_both_sides PASSED [ 23%]
tests/test_backtest_engine.py::TestExitDistribution::test_exit_distribution_counts PASSED [ 23%]
tests/test_backtest_engine.py::TestConcurrentMode::test_concurrent_opens_multiple_positions PASSED [ 23%]
tests/test_backtest_engine.py::TestConcurrentMode::test_concurrent_respects_max_concurrent PASSED [ 24%]
tests/test_backtest_engine.py::TestConcurrentMode::test_single_mode_rejects_second_signal PASSED [ 24%]
tests/test_backtest_engine.py::TestFromConfig::test_from_config_reads_all_fields PASSED [ 24%]
tests/test_backtest_engine.py::TestFromConfig::test_from_config_defaults PASSED [ 24%]
tests/test_backtest_engine.py::TestFromConfig::test_from_config_overrides PASSED [ 24%]
tests/test_backtest_engine.py::TestBackwardCompatAlias::test_alias_is_same_class PASSED [ 25%]
tests/test_backtest_engine.py::TestPessimisticSameBar::test_same_bar_tp_sl_exits_as_sl PASSED [ 25%]
tests/test_backtest_engine.py::TestPessimisticSameBar::test_only_tp_still_exits_tp PASSED [ 25%]
tests/test_backtest_engine.py::TestEquityCurve::test_equity_curve_has_entries PASSED [ 25%]
tests/test_backtest_engine.py::TestEquityCurve::test_equity_curve_flat_when_no_position PASSED [ 26%]
tests/test_backtest_engine.py::TestEquityCurve::test_max_drawdown_uses_equity_curve PASSED [ 26%]
tests/test_backtest_engine.py::TestSingleModelStrategy::test_long_strategy_fires_on_prob_buy PASSED [ 26%]
tests/test_backtest_engine.py::TestSingleModelStrategy::test_short_strategy_fires_on_prob_sell PASSED [ 26%]
tests/test_backtest_engine.py::TestSingleModelStrategy::test_below_threshold_no_trade PASSED [ 26%]
tests/test_backtest_engine.py::TestSingleModelStrategy::test_default_execution_class_is_single PASSED [ 27%]
tests/test_backtest_engine.py::TestConservativeEnsembleStrategy::test_buy_signal_only PASSED [ 27%]
tests/test_backtest_engine.py::TestConservativeEnsembleStrategy::test_sell_signal_only PASSED [ 27%]
tests/test_backtest_engine.py::TestConservativeEnsembleStrategy::test_no_flip_when_in_position PASSED [ 27%]
tests/test_backtest_engine.py::TestEnsembleSameBarConflict::test_buy_wins_on_higher_prob PASSED [ 28%]
tests/test_backtest_engine.py::TestEnsembleSameBarConflict::test_sell_wins_on_higher_prob PASSED [ 28%]
tests/test_backtest_engine.py::TestAggressiveEnsembleFlip::test_no_flip_needed_when_flat PASSED [ 28%]
tests/test_backtest_engine.py::TestSeparateCooldowns::test_sl_cooldown_rejects_during_window PASSED [ 28%]
tests/test_backtest_engine.py::TestSeparateCooldowns::test_tp_cooldown_rejects_during_window PASSED [ 28%]
tests/test_backtest_engine.py::TestSeparateCooldowns::test_different_tp_sl_cooldown_lengths PASSED [ 29%]
tests/test_backtest_engine.py::TestSeparateCooldowns::test_time_barrier_no_cooldown PASSED [ 29%]
tests/test_backtest_engine.py::TestSeparateCooldowns::test_backward_compat_cooldown_bars_fallback PASSED [ 29%]
tests/test_backtest_engine.py::TestSeparateCooldowns::test_explicit_tp_sl_override_cooldown_bars PASSED [ 29%]
tests/test_backtest_engine.py::TestFromConfigCooldowns::test_from_config_reads_separate_cooldowns PASSED [ 30%]
tests/test_backtest_engine.py::TestFromConfigCooldowns::test_from_config_fallback_to_cooldown_bars PASSED [ 30%]
tests/test_backtest_engine.py::TestTrailingStopOffset::test_offset_locks_in_profit PASSED [ 30%]
tests/test_backtest_engine.py::TestTrailingStopOffset::test_zero_offset_is_breakeven PASSED [ 30%]
tests/test_backtest_engine.py::TestOrderOverrides::test_order_tp_override_changes_tp_barrier PASSED [ 31%]
tests/test_backtest_engine.py::TestOrderOverrides::test_order_max_hold_override PASSED [ 31%]
tests/test_backtest_engine.py::TestTieredEnsembleStrategy::test_high_prob_matches_first_tier PASSED [ 31%]
tests/test_backtest_engine.py::TestTieredEnsembleStrategy::test_medium_prob_matches_base_tier PASSED [ 31%]
tests/test_backtest_engine.py::TestTieredEnsembleStrategy::test_below_all_tiers_returns_hold PASSED [ 31%]
tests/test_backtest_engine.py::TestTieredEnsembleStrategy::test_conflict_resolution_higher_prob_wins PASSED [ 32%]
tests/test_backtest_engine.py::TestTieredEnsembleStrategy::test_in_position_returns_hold PASSED [ 32%]
tests/test_backtest_engine.py::TestTieredEnsembleStrategy::test_order_carries_all_override_fields PASSED [ 32%]
tests/test_backtest_engine.py::TestTieredWithEngine::test_tiered_config_produces_trades PASSED [ 32%]
tests/test_backtest_engine.py::TestTieredWithEngine::test_tiered_registry_lookup PASSED [ 33%]
tests/test_backtest_engine.py::TestConsecutiveSignalThreshold::test_threshold_zero_immediate_entry PASSED [ 33%]
tests/test_backtest_engine.py::TestConsecutiveSignalThreshold::test_threshold_blocks_until_consecutive PASSED [ 33%]
tests/test_backtest_engine.py::TestConsecutiveSignalThreshold::test_counter_resets_on_no_signal PASSED [ 33%]
tests/test_backtest_engine.py::TestConsecutiveSignalThreshold::test_single_signal_not_enough PASSED [ 33%]
tests/test_backtest_engine.py::TestConsecutiveSignalThreshold::test_from_config_reads_threshold PASSED [ 34%]
tests/test_backtest_engine.py::TestConsecutiveSignalThreshold::test_from_config_defaults_to_zero PASSED [ 34%]
tests/test_bad_data.py::TestZeroVolume::test_zero_volume_bar_doesnt_crash PASSED [ 34%]
tests/test_bad_data.py::TestFlashCrash::test_flash_crash_spike PASSED    [ 34%]
tests/test_bad_data.py::TestMissingTimestamps::test_missing_timestamp_gap PASSED [ 35%]
tests/test_bad_data.py::TestDuplicateTimestamps::test_duplicate_timestamps_handled PASSED [ 35%]
tests/test_bad_data.py::TestNegativePrice::test_negative_close_produces_finite_output PASSED [ 35%]
tests/test_bad_data.py::TestAllNaNColumn::test_all_nan_volume_handled PASSED [ 35%]
tests/test_bad_data.py::TestBuildLiveFeaturesNaNGuarantee::test_build_live_features_never_returns_nan_to_model PASSED [ 35%]
tests/test_bracket_order.py::TestBracketOrderConfig::test_all_orders_use_gtc PASSED [ 36%]
tests/test_bracket_order.py::TestBracketOrderConfig::test_all_orders_outside_rth PASSED [ 36%]
tests/test_bracket_order.py::TestBracketOrderConfig::test_stop_loss_trigger_method_double_bid_ask PASSED [ 36%]
tests/test_bracket_order.py::TestBracketOrderConfig::test_market_order_conversion PASSED [ 36%]
tests/test_bracket_order.py::TestBracketOrderConfig::test_limit_order_preserved PASSED [ 37%]
tests/test_bracket_order.py::TestBracketOrderConfig::test_returns_three_trades PASSED [ 37%]
tests/test_bracket_order.py::TestAdaptiveAlgoOrder::test_adaptive_algo_order PASSED [ 37%]
tests/test_bracket_order.py::TestAdaptiveAlgoOrder::test_adaptive_algo_urgency_param PASSED [ 37%]
tests/test_bracket_order.py::TestAdaptiveAlgoOrder::test_adaptive_is_default_entry_mode PASSED [ 37%]
tests/test_bracket_order.py::TestMarketableLimitOrder::test_marketable_limit_buy PASSED [ 38%]
tests/test_bracket_order.py::TestMarketableLimitOrder::test_marketable_limit_sell PASSED [ 38%]
tests/test_bracket_order.py::TestMarketableLimitOrder::test_marketable_limit_uses_limit_price_buy PASSED [ 38%]
tests/test_bracket_order.py::TestMarketableLimitOrder::test_marketable_limit_uses_limit_price_sell PASSED [ 38%]
tests/test_bracket_order.py::TestEntryModeBackwardCompat::test_backward_compat_use_market_true PASSED [ 39%]
tests/test_bracket_order.py::TestEntryModeBackwardCompat::test_entry_mode_market_explicit PASSED [ 39%]
tests/test_bracket_order.py::TestEntryModeBackwardCompat::test_invalid_entry_mode_raises PASSED [ 39%]
tests/test_bracket_order.py::TestClosePositionModes::test_close_market_default PASSED [ 39%]
tests/test_bracket_order.py::TestClosePositionModes::test_close_marketable_limit_sell PASSED [ 40%]
tests/test_bracket_order.py::TestClosePositionModes::test_close_marketable_limit_buy PASSED [ 40%]
tests/test_bracket_order.py::TestClosePositionModes::test_close_marketable_limit_fallback_no_price PASSED [ 40%]
tests/test_bracket_order.py::TestClosePositionModes::test_close_adaptive PASSED [ 40%]
tests/test_bracket_order.py::TestClosePositionModes::test_close_no_position PASSED [ 40%]
tests/test_configurable_strategy.py::TestConfigLoading::test_name_from_config PASSED [ 41%]
tests/test_configurable_strategy.py::TestConfigLoading::test_direction_from_config PASSED [ 41%]
tests/test_configurable_strategy.py::TestConfigLoading::test_direction_case_insensitive PASSED [ 41%]
tests/test_configurable_strategy.py::TestConfigLoading::test_feature_names PASSED [ 41%]
tests/test_configurable_strategy.py::TestConfigLoading::test_is_strategy_subclass PASSED [ 42%]
tests/test_configurable_strategy.py::TestSafeDefaults::test_missing_threshold_uses_safe_default PASSED [ 42%]
tests/test_configurable_strategy.py::TestLongDirection::test_buy_above_threshold_flat PASSED [ 42%]
tests/test_configurable_strategy.py::TestLongDirection::test_hold_below_threshold PASSED [ 42%]
tests/test_configurable_strategy.py::TestShortDirection::test_sell_above_threshold_flat PASSED [ 42%]
tests/test_configurable_strategy.py::TestPositionGuard::test_hold_when_position_open_no_concurrent PASSED [ 43%]
tests/test_configurable_strategy.py::TestPositionGuard::test_signal_fires_when_concurrent_allowed PASSED [ 43%]
tests/test_configurable_strategy.py::TestATRValidation::test_hold_when_atr_none PASSED [ 43%]
tests/test_configurable_strategy.py::TestATRValidation::test_hold_when_atr_zero PASSED [ 43%]
tests/test_configurable_strategy.py::TestSizingTiers::test_highest_tier PASSED [ 44%]
tests/test_configurable_strategy.py::TestSizingTiers::test_middle_tier PASSED [ 44%]
tests/test_configurable_strategy.py::TestSizingTiers::test_lowest_tier PASSED [ 44%]
tests/test_configurable_strategy.py::TestSizingTiers::test_below_all_tiers_uses_base PASSED [ 44%]
tests/test_configurable_strategy.py::TestSigmoid::test_sigmoid_applied_to_logits PASSED [ 44%]
tests/test_configurable_strategy.py::TestConfigErrors::test_config_not_found PASSED [ 45%]
tests/test_configurable_strategy.py::TestConfigErrors::test_model_not_found PASSED [ 45%]
tests/test_cooldown.py::TestCooldownEnforcement::test_cooldown_skips_entry PASSED [ 45%]
tests/test_cooldown.py::TestCooldownEnforcement::test_cooldown_counts_down PASSED [ 45%]
tests/test_cooldown.py::TestCooldownEnforcement::test_zero_cooldown_disabled PASSED [ 46%]
tests/test_cooldown.py::TestCooldownActivation::test_sl_hit_activates_cooldown PASSED [ 46%]
tests/test_cooldown.py::TestCooldownActivation::test_tp_hit_activates_cooldown PASSED [ 46%]
tests/test_cooldown.py::TestCooldownActivation::test_parent_fill_does_not_activate_cooldown PASSED [ 46%]
tests/test_cooldown.py::TestCooldownActivation::test_cooldown_zero_no_activation PASSED [ 46%]
tests/test_cooldown.py::TestTimeBarrierExitMode::test_time_barrier_calls_close_with_exit_mode PASSED [ 47%]
tests/test_cooldown.py::TestTimeBarrierExitMode::test_time_barrier_default_market_mode PASSED [ 47%]
tests/test_cooldown.py::TestTimezoneResubscribe::test_tz_naive_last_bar_time PASSED [ 47%]
tests/test_cooldown.py::TestTimezoneResubscribe::test_tz_aware_last_bar_time PASSED [ 47%]
tests/test_cooldown.py::TestTimezoneResubscribe::test_tz_aware_eastern_last_bar_time PASSED [ 48%]
tests/test_data_manager.py::TestSeedLoading::test_seed_creates_cache PASSED [ 48%]
tests/test_data_manager.py::TestSeedLoading::test_seed_loads_last_150_days PASSED [ 48%]
tests/test_data_manager.py::TestSeedLoading::test_seed_has_correct_columns PASSED [ 48%]
tests/test_data_manager.py::TestSeedLoading::test_missing_seed_raises PASSED [ 48%]
tests/test_data_manager.py::TestSeedLoading::test_seed_datetime_index PASSED [ 49%]
tests/test_data_manager.py::TestCacheReuse::test_cache_reuse_on_second_init PASSED [ 49%]
tests/test_data_manager.py::TestDedupAndSort::test_dedup_removes_duplicates PASSED [ 49%]
tests/test_data_manager.py::TestDedupAndSort::test_monotonic_index_after_append PASSED [ 49%]
tests/test_data_manager.py::TestDedupAndSort::test_out_of_order_append_gets_sorted PASSED [ 50%]
tests/test_data_manager.py::TestAppendAndFlush::test_append_increases_count PASSED [ 50%]
tests/test_data_manager.py::TestAppendAndFlush::test_save_cache_creates_parquet PASSED [ 50%]
tests/test_data_manager.py::TestAppendAndFlush::test_last_timestamp_property PASSED [ 50%]
tests/test_data_manager.py::TestAppendAndFlush::test_last_timestamp_none_before_init PASSED [ 51%]
tests/test_data_manager.py::TestAppendAndFlush::test_append_before_init_raises PASSED [ 51%]
tests/test_data_processor.py::TestDataProcessorInit::test_init_with_defaults PASSED [ 51%]
tests/test_data_processor.py::TestDataProcessorInit::test_init_with_custom_version PASSED [ 51%]
tests/test_data_processor.py::TestDataProcessorInit::test_init_auto_generates_output_path PASSED [ 51%]
tests/test_data_processor.py::TestDataLoading::test_load_data_returns_dataframe PASSED [ 52%]
tests/test_data_processor.py::TestDataLoading::test_load_data_has_ohlcv_columns PASSED [ 52%]
tests/test_data_processor.py::TestDataLoading::test_load_data_has_datetime_index PASSED [ 52%]
tests/test_data_processor.py::TestDataLoading::test_load_data_numeric_types PASSED [ 52%]
tests/test_data_processor.py::TestTimeFeatures::test_add_time_features_cyclical PASSED [ 53%]
tests/test_data_processor.py::TestTimeFeatures::test_time_sin_cos_bounds PASSED [ 53%]
tests/test_data_processor.py::TestTimeFeatures::test_time_features_raw PASSED [ 53%]
tests/test_data_processor.py::TestTargetCreation::test_add_triple_barrier_target_adds_column PASSED [ 53%]
tests/test_data_processor.py::TestTargetCreation::test_target_values_valid PASSED [ 53%]
tests/test_data_processor.py::TestTargetCreation::test_target_has_nan_at_end PASSED [ 54%]
tests/test_data_processor.py::TestFullPipeline::test_alpha_factory_integration PASSED [ 54%]
tests/test_data_processor.py::TestFullPipeline::test_normalize_features PASSED [ 54%]
tests/test_data_processor.py::TestFullPipeline::test_triple_barrier_integration PASSED [ 54%]
tests/test_data_processor.py::TestFullPipeline::test_processed_data_no_raw_ohlcv_after_cleanup PASSED [ 55%]
tests/test_data_processor.py::TestSaveLoad::test_save_creates_file PASSED [ 55%]
tests/test_data_processor.py::TestSaveLoad::test_saved_data_readable PASSED [ 55%]
tests/test_data_processor.py::TestInvalidInputs::test_invalid_dataset_version_raises PASSED [ 55%]
tests/test_data_processor.py::TestInvalidInputs::test_nonexistent_file_raises PASSED [ 55%]
tests/test_data_processor.py::TestVerifierIntegration::test_loaded_data_passes_verifier PASSED [ 56%]
tests/test_data_root.py::TestFallbackOrder::test_root_preferred_over_local PASSED [ 56%]
tests/test_data_root.py::TestFallbackOrder::test_local_used_when_root_missing PASSED [ 56%]
tests/test_data_root.py::TestFallbackOrder::test_fallback_returns_default_when_neither_exists PASSED [ 56%]
tests/test_data_root.py::TestDataPaths::test_get_data_path_prefers_cl_data_root PASSED [ 57%]
tests/test_data_root.py::TestDataPaths::test_get_data_path_falls_back_to_local PASSED [ 57%]
tests/test_data_root.py::TestDataPaths::test_get_model_path_prefers_cl_data_root PASSED [ 57%]
tests/test_data_root.py::TestDataPaths::test_get_data_root_prefers_cl_data_root PASSED [ 57%]
tests/test_data_root.py::TestMirrorToRoot::test_dataprocessor_mirror_copies_file PASSED [ 57%]
tests/test_data_root.py::TestMirrorToRoot::test_no_mirror_when_env_unset PASSED [ 58%]
tests/test_data_root.py::TestMirrorToRoot::test_data_manager_mirror_copies_file PASSED [ 58%]
tests/test_evaluator.py::test_evaluate_fold_basic_metrics PASSED         [ 58%]
tests/test_evaluator.py::test_actual_move_calculation_threshold_hits PASSED [ 58%]
tests/test_evaluator.py::test_evaluate_fold_requires_raw_columns PASSED  [ 59%]
tests/test_evaluator.py::test_export_predictions_and_save_report PASSED  [ 59%]
tests/test_feature_buckets.py::test_classify_core PASSED                 [ 59%]
tests/test_feature_buckets.py::test_classify_time PASSED                 [ 59%]
tests/test_feature_buckets.py::test_classify_indicators PASSED           [ 60%]
tests/test_feature_buckets.py::test_classify_divergence PASSED           [ 60%]
tests/test_feature_buckets.py::test_classify_macro PASSED                [ 60%]
tests/test_feature_buckets.py::test_classify_unknown PASSED              [ 60%]
tests/test_feature_buckets.py::test_core_only PASSED                     [ 60%]
tests/test_feature_buckets.py::test_core_plus_momentum PASSED            [ 61%]
tests/test_feature_buckets.py::test_all_buckets_returns_all PASSED       [ 61%]
tests/test_feature_buckets.py::test_unknown_features_always_included PASSED [ 61%]
tests/test_feature_buckets.py::test_bucket_summary PASSED                [ 61%]
tests/test_feature_buckets.py::test_toggleable_excludes_core PASSED      [ 62%]
tests/test_feature_buckets.py::test_min_trials_is_150 PASSED             [ 62%]
tests/test_ibkr_ports.py::TestPortDefaults::test_default_port_is_gateway PASSED [ 62%]
tests/test_ibkr_ports.py::TestPortDefaults::test_fallback_includes_tws PASSED [ 62%]
tests/test_ibkr_ports.py::TestPortFallback::test_gateway_succeeds_no_fallback PASSED [ 62%]
tests/test_ibkr_ports.py::TestPortFallback::test_gateway_fails_falls_back_to_tws PASSED [ 63%]
tests/test_ibkr_ports.py::TestPortFallback::test_all_ports_fail_raises_error PASSED [ 63%]
tests/test_ibkr_ports.py::TestPortFallback::test_already_connected_skips PASSED [ 63%]
tests/test_ibkr_ports.py::TestPortFallback::test_custom_port_no_duplication PASSED [ 63%]
tests/test_ibkr_ports.py::TestPortFallback::test_custom_port_with_gateway_fallback PASSED [ 64%]
tests/test_live_features.py::TestBuildLiveFeatures::test_returns_dataframe PASSED [ 64%]
tests/test_live_features.py::TestBuildLiveFeatures::test_correct_column_count PASSED [ 64%]
tests/test_live_features.py::TestBuildLiveFeatures::test_correct_column_names PASSED [ 64%]
tests/test_live_features.py::TestBuildLiveFeatures::test_no_nan_in_features PASSED [ 64%]
tests/test_live_features.py::TestBuildLiveFeatures::test_no_inf_in_features PASSED [ 65%]
tests/test_live_features.py::TestBuildLiveFeatures::test_insufficient_data_returns_none PASSED [ 65%]
tests/test_live_features.py::TestBuildLiveFeatures::test_volume_log_positive PASSED [ 65%]
tests/test_live_features.py::TestBuildLiveFeatures::test_time_sin_cos_range PASSED [ 65%]
tests/test_live_features.py::TestBuildLiveFeaturesSet07::test_returns_dataframe PASSED [ 66%]
tests/test_live_features.py::TestBuildLiveFeaturesSet07::test_correct_column_count PASSED [ 66%]
tests/test_live_features.py::TestBuildLiveFeaturesSet07::test_correct_column_names PASSED [ 66%]
tests/test_live_features.py::TestBuildLiveFeaturesSet07::test_no_nan_in_features PASSED [ 66%]
tests/test_live_features.py::TestBuildLiveFeaturesSet07::test_no_inf_in_features PASSED [ 66%]
tests/test_live_features.py::TestBuildLiveFeaturesSet07::test_day_of_week_range PASSED [ 67%]
tests/test_live_features.py::TestBuildLiveFeaturesSet07::test_stochastic_in_range PASSED [ 67%]
tests/test_live_features.py::TestBuildLiveFeaturesSet07::test_cmf_in_range PASSED [ 67%]
tests/test_log_filter.py::TestSuppressedMessages::test_stock_position PASSED [ 67%]
tests/test_log_filter.py::TestSuppressedMessages::test_stock_portfolio_update PASSED [ 68%]
tests/test_log_filter.py::TestSuppressedMessages::test_stock_symbol_only PASSED [ 68%]
tests/test_log_filter.py::TestSuppressedMessages::test_commission_report_stock_context PASSED [ 68%]
tests/test_log_filter.py::TestPassedMessages::test_cl_position PASSED    [ 68%]
tests/test_log_filter.py::TestPassedMessages::test_cl_portfolio_update PASSED [ 68%]
tests/test_log_filter.py::TestPassedMessages::test_connection_warning PASSED [ 69%]
tests/test_log_filter.py::TestPassedMessages::test_api_connection_ready PASSED [ 69%]
tests/test_log_filter.py::TestPassedMessages::test_generic_error PASSED  [ 69%]
tests/test_log_filter.py::TestPassedMessages::test_exec_details_cl PASSED [ 69%]
tests/test_log_filter.py::TestPassedMessages::test_commission_report_plain PASSED [ 70%]
tests/test_lookahead_bias.py::TestLookaheadBias::test_modifying_future_row_doesnt_change_past_features PASSED [ 70%]
tests/test_lookahead_bias.py::TestLookaheadBias::test_appending_row_doesnt_change_previous_features PASSED [ 70%]
tests/test_lookahead_bias.py::TestLookaheadBias::test_volatility_uses_only_past_data PASSED [ 70%]
tests/test_lookahead_bias.py::TestLookaheadBias::test_atr_uses_only_past_data PASSED [ 71%]
tests/test_lookahead_bias.py::TestLookaheadBias::test_structure_efficiency_uses_only_past_data PASSED [ 71%]
tests/test_pipeline_parity.py::TestPipelineParity::test_batch_vs_live_features_match PASSED [ 71%]
tests/test_pipeline_parity.py::TestPipelineParity::test_feature_column_order_preserved PASSED [ 71%]
tests/test_pipeline_parity.py::TestPipelineParity::test_time_features_parity PASSED [ 71%]
tests/test_pipeline_parity.py::TestPipelineParity::test_volume_log_parity PASSED [ 72%]
tests/test_reconnection.py::TestReconnect::test_reconnect_success_first_attempt FAILED [ 72%]
tests/test_reconnection.py::TestReconnect::test_reconnect_retries_on_failure FAILED [ 72%]
tests/test_reconnection.py::TestReconnect::test_reconnect_gives_up_after_max_attempts FAILED [ 72%]
tests/test_reconnection.py::TestReconnect::test_reconnect_calls_resubscribe_and_backfill FAILED [ 73%]
tests/test_reconnection.py::TestReconnect::test_reconnect_re_registers_error_handler FAILED [ 73%]
tests/test_reconnection.py::TestReconnect::test_reconnect_respects_running_flag PASSED [ 73%]
tests/test_reconnection.py::TestReconnect::test_reconnect_disconnects_before_connecting FAILED [ 73%]
tests/test_reconnection.py::TestReconnect::test_reconnect_cancels_stale_subscriptions FAILED [ 73%]
tests/test_reconnection.py::TestEventLoopReconnection::test_event_loop_calls_reconnect_on_connection_error PASSED [ 74%]
tests/test_reconnection.py::TestEventLoopReconnection::test_event_loop_shuts_down_on_failed_reconnect PASSED [ 74%]
tests/test_reconnection.py::TestEventLoopReconnection::test_event_loop_sets_needs_restart_on_failed_reconnect PASSED [ 74%]
tests/test_reconnection.py::TestResubscribeAndBackfill::test_resubscribes_both_streams PASSED [ 74%]
tests/test_reconnection.py::TestResubscribeAndBackfill::test_skips_front_month_when_no_contract PASSED [ 75%]
tests/test_reconnection.py::TestResubscribeAndBackfill::test_cancels_stale_subscriptions PASSED [ 75%]
tests/test_rollover.py::TestRollMetadata::test_save_and_load PASSED      [ 75%]
tests/test_rollover.py::TestRollMetadata::test_load_missing_file PASSED  [ 75%]
tests/test_rollover.py::TestRollMetadata::test_load_corrupt_file PASSED  [ 75%]
tests/test_rollover.py::TestRolloverDetection::test_first_run_no_rollover PASSED [ 76%]
tests/test_rollover.py::TestRolloverDetection::test_same_contract_no_rollover PASSED [ 76%]
tests/test_rollover.py::TestRolloverDetection::test_different_contract_triggers_rollover PASSED [ 76%]
tests/test_rollover.py::TestComputeRollDelta::test_empty_cache_returns_none PASSED [ 76%]
tests/test_rollover.py::TestComputeRollDelta::test_correct_delta_computed PASSED [ 77%]
tests/test_rollover.py::TestComputeRollDelta::test_no_ibkr_data_returns_none PASSED [ 77%]
tests/test_rollover.py::TestComputeRollDelta::test_no_overlap_returns_none PASSED [ 77%]
tests/test_rollover.py::TestBackAdjustCache::test_ohlc_shifted_by_delta PASSED [ 77%]
tests/test_rollover.py::TestBackAdjustCache::test_volume_untouched PASSED [ 77%]
tests/test_rollover.py::TestBackAdjustCache::test_bar_count_preserved PASSED [ 78%]
tests/test_rollover.py::TestBackAdjustCache::test_zero_delta_noop PASSED [ 78%]
tests/test_rollover.py::TestBackAdjustCache::test_ibkr_overlap_overwrites_shifted_bars PASSED [ 78%]
tests/test_rollover.py::TestBackAdjustCache::test_stores_roll_delta PASSED [ 78%]
tests/test_rollover.py::TestRollMetadataHistory::test_roll_history_accumulated PASSED [ 79%]
tests/test_rollover.py::TestRollMetadataHistory::test_no_history_without_roll PASSED [ 79%]
tests/test_rollover.py::TestFullRebuildFallback::test_full_rebuild_deletes_and_reseeds PASSED [ 79%]
tests/test_rollover.py::TestTrainingLedger::test_load_full_seed PASSED   [ 79%]
tests/test_rollover.py::TestTrainingLedger::test_save_and_load_ledger PASSED [ 80%]
tests/test_rollover.py::TestTrainingLedger::test_get_seed_end_timestamp PASSED [ 80%]
tests/test_schema_contracts.py::TestOHLCVSchema::test_ohlcv_columns_capitalized PASSED [ 80%]
tests/test_schema_contracts.py::TestOHLCVSchema::test_lowercase_columns_rejected PASSED [ 80%]
tests/test_schema_contracts.py::TestOHLCVDtypes::test_ohlcv_dtypes_float64 PASSED [ 80%]
tests/test_schema_contracts.py::TestOHLCVDtypes::test_datetime_index_type PASSED [ 81%]
tests/test_schema_contracts.py::TestOHLCVDtypes::test_no_object_dtype_columns PASSED [ 81%]
tests/test_schema_contracts.py::TestIBKRNormalization::test_normalize_renames_correctly PASSED [ 81%]
tests/test_schema_contracts.py::TestIBKRNormalization::test_normalize_preserves_values PASSED [ 81%]
tests/test_schema_contracts.py::TestIBKRNormalization::test_normalize_raises_on_missing_columns PASSED [ 82%]
tests/test_schema_contracts.py::TestAlphaFactorySchemaPreservation::test_alphafactory_preserves_ohlcv_columns PASSED [ 82%]
tests/test_schema_contracts.py::TestAlphaFactorySchemaPreservation::test_feature_dtypes_numeric PASSED [ 82%]
tests/test_shadow_log.py::TestShadowLogTable::test_shadow_log_table_created PASSED [ 82%]
tests/test_shadow_log.py::TestShadowLogTable::test_shadow_log_index_created PASSED [ 82%]
tests/test_shadow_log.py::TestLogShadowState::test_inserts_row PASSED    [ 83%]
tests/test_shadow_log.py::TestLogShadowState::test_row_values_correct PASSED [ 83%]
tests/test_shadow_log.py::TestLogShadowState::test_handles_nan_in_features PASSED [ 83%]
tests/test_shadow_log.py::TestLogShadowState::test_handles_inf_in_probability PASSED [ 83%]
tests/test_shadow_log.py::TestLogShadowState::test_features_json_roundtrip PASSED [ 84%]
tests/test_shadow_log.py::TestLogShadowState::test_duplicate_timestamp_ignored PASSED [ 84%]
tests/test_shadow_log.py::TestLogShadowState::test_none_features_dict PASSED [ 84%]
tests/test_shadow_log.py::TestLogShadowState::test_multiple_rows PASSED  [ 84%]
tests/test_shadow_log.py::TestSanitizeFloat::test_none PASSED            [ 84%]
tests/test_shadow_log.py::TestSanitizeFloat::test_normal_float PASSED    [ 85%]
tests/test_shadow_log.py::TestSanitizeFloat::test_nan PASSED             [ 85%]
tests/test_shadow_log.py::TestSanitizeFloat::test_inf PASSED             [ 85%]
tests/test_shadow_log.py::TestSanitizeFloat::test_neg_inf PASSED         [ 85%]
tests/test_shadow_log.py::TestSanitizeFloat::test_zero PASSED            [ 86%]
tests/test_shadow_log.py::TestSanitizeFloat::test_string_passthrough PASSED [ 86%]
tests/test_shadow_log.py::TestSanitizeFloat::test_int_coerced PASSED     [ 86%]
tests/test_strategy.py::TestTradeSignal::test_default_action_is_hold PASSED [ 86%]
tests/test_strategy.py::TestTradeSignal::test_buy_signal_fields PASSED   [ 86%]
tests/test_strategy.py::TestTradeSignal::test_sell_signal_fields PASSED  [ 87%]
tests/test_strategy.py::TestBuy70SizedManatee::test_name_and_direction PASSED [ 87%]
tests/test_strategy.py::TestBuy70SizedManatee::test_feature_names PASSED [ 87%]
tests/test_strategy.py::TestBuy70SizedManatee::test_hold_below_threshold PASSED [ 87%]
tests/test_strategy.py::TestBuy70SizedManatee::test_buy_above_threshold_flat PASSED [ 88%]
tests/test_strategy.py::TestBuy70SizedManatee::test_hold_when_position_open PASSED [ 88%]
tests/test_strategy.py::TestBuy70SizedManatee::test_hold_when_atr_invalid PASSED [ 88%]
tests/test_strategy.py::TestBuy70SizedManatee::test_hold_when_atr_zero PASSED [ 88%]
tests/test_strategy.py::TestBuy70SizedManatee::test_sigmoid_applied_to_logits PASSED [ 88%]
tests/test_strategy.py::TestBuy70SizedManatee::test_sizing_tiers PASSED  [ 89%]
tests/test_strategy.py::TestBuy70SizedManatee::test_safe_default_threshold PASSED [ 89%]
tests/test_strategy.py::TestBuy70SizedManatee::test_bracket_direction_is_long PASSED [ 89%]
tests/test_telemetry.py::TestTelemetryDB::test_creates_db_file PASSED    [ 89%]
tests/test_telemetry.py::TestTelemetryDB::test_creates_tables_idempotent PASSED [ 90%]
tests/test_telemetry.py::TestTelemetryDB::test_log_bar PASSED            [ 90%]
tests/test_telemetry.py::TestTelemetryDB::test_log_multiple_bars PASSED  [ 90%]
tests/test_telemetry.py::TestTelemetryDB::test_log_signal_hold PASSED    [ 90%]
tests/test_telemetry.py::TestTelemetryDB::test_log_signal_execute PASSED [ 91%]
tests/test_telemetry.py::TestTelemetryDB::test_update_fill PASSED        [ 91%]
tests/test_telemetry.py::TestTelemetryDB::test_recent_signals PASSED     [ 91%]
tests/test_telemetry.py::TestTelemetryDB::test_recent_bars PASSED        [ 91%]
tests/test_telemetry.py::TestTelemetryDB::test_log_raw_bar PASSED        [ 91%]
tests/test_telemetry.py::TestTelemetryDB::test_log_raw_bar_with_contract_month PASSED [ 92%]
tests/test_telemetry.py::TestTelemetryDB::test_recent_raw_bars_ordering PASSED [ 92%]
tests/test_telemetry.py::TestTelemetryDB::test_log_tradebook_event_and_reader PASSED [ 92%]
tests/test_telemetry.py::TestTelemetryDB::test_tradebook_event_idempotency PASSED [ 92%]
tests/test_telemetry.py::TestTelemetryDB::test_commission_async_rows PASSED [ 93%]
tests/test_time_utils.py::TestTimedeltaToIbDuration::test_zero_gap_returns_one_day PASSED [ 93%]
tests/test_time_utils.py::TestTimedeltaToIbDuration::test_sub_day_gap_returns_one_day PASSED [ 93%]
tests/test_time_utils.py::TestTimedeltaToIbDuration::test_one_day_gap PASSED [ 93%]
tests/test_time_utils.py::TestTimedeltaToIbDuration::test_three_day_gap PASSED [ 93%]
tests/test_time_utils.py::TestTimedeltaToIbDuration::test_weekend_gap PASSED [ 94%]
tests/test_time_utils.py::TestTimedeltaToIbDuration::test_thirty_day_gap PASSED [ 94%]
tests/test_time_utils.py::TestTimedeltaToIbDuration::test_very_large_gap_capped_at_365 PASSED [ 94%]
tests/test_time_utils.py::TestTimedeltaToIbDuration::test_negative_timedelta_raises PASSED [ 94%]
tests/test_time_utils.py::TestTimedeltaToIbDuration::test_small_seconds_gap PASSED [ 95%]
tests/test_time_utils.py::TestSplitDurationIntoChunks::test_small_gap_single_chunk PASSED [ 95%]
tests/test_time_utils.py::TestSplitDurationIntoChunks::test_thirty_day_gap_two_chunks PASSED [ 95%]
tests/test_time_utils.py::TestSplitDurationIntoChunks::test_exact_max_single_chunk PASSED [ 95%]
tests/test_time_utils.py::TestSplitDurationIntoChunks::test_zero_gap PASSED [ 95%]
tests/test_time_utils.py::TestSplitDurationIntoChunks::test_negative_raises PASSED [ 96%]
tests/test_time_utils.py::TestSplitDurationIntoChunks::test_large_gap_capped PASSED [ 96%]
tests/test_tradebook_logging.py::test_exec_details_logs_fill_event PASSED [ 96%]
tests/test_tradebook_logging.py::test_commission_logs_after_fill PASSED  [ 96%]
tests/test_triple_barrier.py::TestTripleBarrierEdgeCases::test_tp_sl_same_bar_tp_wins PASSED [ 97%]
tests/test_triple_barrier.py::TestTripleBarrierEdgeCases::test_only_tp_hit PASSED [ 97%]
tests/test_triple_barrier.py::TestTripleBarrierEdgeCases::test_only_sl_hit PASSED [ 97%]
tests/test_triple_barrier.py::TestTripleBarrierEdgeCases::test_neither_hit_within_horizon PASSED [ 97%]
tests/test_triple_barrier.py::TestTripleBarrierEdgeCases::test_atr_zero_flat_data_no_short_signals PASSED [ 97%]
tests/test_triple_barrier.py::TestTripleBarrierEdgeCases::test_atr_nan_produces_hold PASSED [ 98%]
tests/test_triple_barrier.py::TestTripleBarrierEdgeCases::test_last_rows_are_nan PASSED [ 98%]
tests/test_triple_barrier.py::TestTripleBarrierEdgeCases::test_barrier_widths_scale_with_atr PASSED [ 98%]
tests/test_visualizer.py::test_plot_signals_saves_file PASSED            [ 98%]
tests/test_visualizer.py::test_plot_fold_summary_saves_file PASSED       [ 99%]
tests/test_visualizer.py::test_plot_actual_moves_saves_file PASSED       [ 99%]
tests/test_walk_forward.py::test_get_holdout_sizes PASSED                [ 99%]
tests/test_walk_forward.py::test_split_generates_folds_with_purge PASSED [ 99%]
tests/test_walk_forward.py::test_get_fold_data_excludes_raw_columns PASSED [100%]

================================== FAILURES ===================================
_____________ TestReconnect.test_reconnect_success_first_attempt ______________
tests\test_reconnection.py:82: in test_reconnect_success_first_attempt
    result = trader._reconnect()
src\live_execution\live_trader.py:3045: in _reconnect
    if self._stop_event.wait(timeout=delay):
E   AttributeError: 'LiveTrader' object has no attribute '_stop_event'
_______________ TestReconnect.test_reconnect_retries_on_failure _______________
tests\test_reconnection.py:101: in test_reconnect_retries_on_failure
    result = trader._reconnect()
src\live_execution\live_trader.py:3045: in _reconnect
    if self._stop_event.wait(timeout=delay):
E   AttributeError: 'LiveTrader' object has no attribute '_stop_event'
__________ TestReconnect.test_reconnect_gives_up_after_max_attempts ___________
tests\test_reconnection.py:114: in test_reconnect_gives_up_after_max_attempts
    result = trader._reconnect()
src\live_execution\live_trader.py:3045: in _reconnect
    if self._stop_event.wait(timeout=delay):
E   AttributeError: 'LiveTrader' object has no attribute '_stop_event'
_________ TestReconnect.test_reconnect_calls_resubscribe_and_backfill _________
tests\test_reconnection.py:126: in test_reconnect_calls_resubscribe_and_backfill
    trader._reconnect()
src\live_execution\live_trader.py:3045: in _reconnect
    if self._stop_event.wait(timeout=delay):
E   AttributeError: 'LiveTrader' object has no attribute '_stop_event'
___________ TestReconnect.test_reconnect_re_registers_error_handler ___________
tests\test_reconnection.py:149: in test_reconnect_re_registers_error_handler
    trader._reconnect()
src\live_execution\live_trader.py:3045: in _reconnect
    if self._stop_event.wait(timeout=delay):
E   AttributeError: 'LiveTrader' object has no attribute '_stop_event'
_________ TestReconnect.test_reconnect_disconnects_before_connecting __________
tests\test_reconnection.py:173: in test_reconnect_disconnects_before_connecting
    trader._reconnect()
src\live_execution\live_trader.py:3045: in _reconnect
    if self._stop_event.wait(timeout=delay):
E   AttributeError: 'LiveTrader' object has no attribute '_stop_event'
__________ TestReconnect.test_reconnect_cancels_stale_subscriptions ___________
tests\test_reconnection.py:195: in test_reconnect_cancels_stale_subscriptions
    trader._reconnect()
src\live_execution\live_trader.py:3045: in _reconnect
    if self._stop_event.wait(timeout=delay):
E   AttributeError: 'LiveTrader' object has no attribute '_stop_event'
============================== warnings summary ===============================
..\..\..\anaconda3\envs\trader\lib\site-packages\pandas_ta\__init__.py:7
  C:\Users\bwang\anaconda3\envs\trader\lib\site-packages\pandas_ta\__init__.py:7: DeprecationWarning: pkg_resources is deprecated as an API. See https://setuptools.pypa.io/en/latest/pkg_resources.html
    from pkg_resources import get_distribution, DistributionNotFound

tests/test_alpha_factory.py::test_cross_timeframe_ratios
tests/test_alpha_factory.py::test_cross_timeframe_ratios
tests/test_live_features.py::TestBuildLiveFeaturesSet07::test_returns_dataframe
  C:\Users\bwang\Documents\GitHub\CL_Analyst_Development\tests\data\..\..\src\features\alpha_factory.py:536: PerformanceWarning: DataFrame is highly fragmented.  This is usually the result of calling `frame.insert` many times, which has poor performance.  Consider joining all columns at once using pd.concat(axis=1) instead. To get a de-fragmented frame, use `newframe = frame.copy()`
    self.df[f"EXHAUST_CUM_ATR{suffix}"] = price_move / atr

tests/test_alpha_factory.py::test_cross_timeframe_ratios
tests/test_alpha_factory.py::test_cross_timeframe_ratios
tests/test_live_features.py::TestBuildLiveFeaturesSet07::test_returns_dataframe
tests/test_live_features.py::TestBuildLiveFeaturesSet07::test_returns_dataframe
  C:\Users\bwang\Documents\GitHub\CL_Analyst_Development\tests\data\..\..\src\features\alpha_factory.py:540: PerformanceWarning: DataFrame is highly fragmented.  This is usually the result of calling `frame.insert` many times, which has poor performance.  Consider joining all columns at once using pd.concat(axis=1) instead. To get a de-fragmented frame, use `newframe = frame.copy()`
    self.df[f"EXHAUST_DIST_HIGH{suffix}"] = (

tests/test_alpha_factory.py::test_cross_timeframe_ratios
tests/test_live_features.py::TestBuildLiveFeaturesSet07::test_returns_dataframe
  C:\Users\bwang\Documents\GitHub\CL_Analyst_Development\tests\data\..\..\src\features\alpha_factory.py:260: PerformanceWarning: DataFrame is highly fragmented.  This is usually the result of calling `frame.insert` many times, which has poor performance.  Consider joining all columns at once using pd.concat(axis=1) instead. To get a de-fragmented frame, use `newframe = frame.copy()`
    self.df[f"VOL_PARK{suffix}"] = np.sqrt(

tests/test_alpha_factory.py::test_cross_timeframe_ratios
tests/test_live_features.py::TestBuildLiveFeaturesSet07::test_returns_dataframe
  C:\Users\bwang\Documents\GitHub\CL_Analyst_Development\tests\data\..\..\src\features\alpha_factory.py:265: PerformanceWarning: DataFrame is highly fragmented.  This is usually the result of calling `frame.insert` many times, which has poor performance.  Consider joining all columns at once using pd.concat(axis=1) instead. To get a de-fragmented frame, use `newframe = frame.copy()`
    self.df[f"VOL_ROC{suffix}"] = self.df[f"VOL_PARK{suffix}"].pct_change(window)

tests/test_alpha_factory.py::test_cross_timeframe_ratios
tests/test_live_features.py::TestBuildLiveFeaturesSet07::test_returns_dataframe
  C:\Users\bwang\Documents\GitHub\CL_Analyst_Development\tests\data\..\..\src\features\alpha_factory.py:266: PerformanceWarning: DataFrame is highly fragmented.  This is usually the result of calling `frame.insert` many times, which has poor performance.  Consider joining all columns at once using pd.concat(axis=1) instead. To get a de-fragmented frame, use `newframe = frame.copy()`
    self.df[f"VOL_VOLVOL{suffix}"] = (

tests/test_alpha_factory.py::test_cross_timeframe_ratios
tests/test_live_features.py::TestBuildLiveFeaturesSet07::test_returns_dataframe
  C:\Users\bwang\Documents\GitHub\CL_Analyst_Development\tests\data\..\..\src\features\alpha_factory.py:276: PerformanceWarning: DataFrame is highly fragmented.  This is usually the result of calling `frame.insert` many times, which has poor performance.  Consider joining all columns at once using pd.concat(axis=1) instead. To get a de-fragmented frame, use `newframe = frame.copy()`
    self.df[f"VOL_RS{suffix}"] = np.sqrt(rs_term.rolling(window).mean())

tests/test_alpha_factory.py::test_cross_timeframe_ratios
tests/test_live_features.py::TestBuildLiveFeaturesSet07::test_returns_dataframe
  C:\Users\bwang\Documents\GitHub\CL_Analyst_Development\tests\data\..\..\src\features\alpha_factory.py:285: PerformanceWarning: DataFrame is highly fragmented.  This is usually the result of calling `frame.insert` many times, which has poor performance.  Consider joining all columns at once using pd.concat(axis=1) instead. To get a de-fragmented frame, use `newframe = frame.copy()`
    self.df[f"VOL_YZ{suffix}"] = np.sqrt(

tests/test_alpha_factory.py::test_cross_timeframe_ratios
tests/test_live_features.py::TestBuildLiveFeaturesSet07::test_returns_dataframe
  C:\Users\bwang\Documents\GitHub\CL_Analyst_Development\tests\data\..\..\src\features\alpha_factory.py:295: PerformanceWarning: DataFrame is highly fragmented.  This is usually the result of calling `frame.insert` many times, which has poor performance.  Consider joining all columns at once using pd.concat(axis=1) instead. To get a de-fragmented frame, use `newframe = frame.copy()`
    self.df[f"LIQ_AMIHUD{suffix}"] = (

tests/test_alpha_factory.py::test_cross_timeframe_ratios
tests/test_live_features.py::TestBuildLiveFeaturesSet07::test_returns_dataframe
  C:\Users\bwang\Documents\GitHub\CL_Analyst_Development\tests\data\..\..\src\features\alpha_factory.py:301: PerformanceWarning: DataFrame is highly fragmented.  This is usually the result of calling `frame.insert` many times, which has poor performance.  Consider joining all columns at once using pd.concat(axis=1) instead. To get a de-fragmented frame, use `newframe = frame.copy()`
    self.df[f"LIQ_CORWIN{suffix}"] = _corwin_schultz_numba(

tests/test_alpha_factory.py::test_cross_timeframe_ratios
tests/test_live_features.py::TestBuildLiveFeaturesSet07::test_returns_dataframe
  C:\Users\bwang\Documents\GitHub\CL_Analyst_Development\tests\data\..\..\src\features\alpha_factory.py:313: PerformanceWarning: DataFrame is highly fragmented.  This is usually the result of calling `frame.insert` many times, which has poor performance.  Consider joining all columns at once using pd.concat(axis=1) instead. To get a de-fragmented frame, use `newframe = frame.copy()`
    self.df[f"STRUC_EFFICIENCY_{window}"] = direction / volatility

tests/test_alpha_factory.py::test_cross_timeframe_ratios
tests/test_live_features.py::TestBuildLiveFeaturesSet07::test_returns_dataframe
  C:\Users\bwang\Documents\GitHub\CL_Analyst_Development\tests\data\..\..\src\features\alpha_factory.py:351: PerformanceWarning: DataFrame is highly fragmented.  This is usually the result of calling `frame.insert` many times, which has poor performance.  Consider joining all columns at once using pd.concat(axis=1) instead. To get a de-fragmented frame, use `newframe = frame.copy()`
    self.df[f"TREND_DONCHIAN_POS{suffix}"] = (self.close - roll_min) / range_span

tests/test_alpha_factory.py::test_cross_timeframe_ratios
tests/test_live_features.py::TestBuildLiveFeaturesSet07::test_returns_dataframe
  C:\Users\bwang\Documents\GitHub\CL_Analyst_Development\tests\data\..\..\src\features\alpha_factory.py:355: PerformanceWarning: DataFrame is highly fragmented.  This is usually the result of calling `frame.insert` many times, which has poor performance.  Consider joining all columns at once using pd.concat(axis=1) instead. To get a de-fragmented frame, use `newframe = frame.copy()`
    self.df[f"TREND_LR_SLOPE{suffix}"] = slopes

tests/test_alpha_factory.py::test_cross_timeframe_ratios
tests/test_live_features.py::TestBuildLiveFeaturesSet07::test_returns_dataframe
  C:\Users\bwang\Documents\GitHub\CL_Analyst_Development\tests\data\..\..\src\features\alpha_factory.py:356: PerformanceWarning: DataFrame is highly fragmented.  This is usually the result of calling `frame.insert` many times, which has poor performance.  Consider joining all columns at once using pd.concat(axis=1) instead. To get a de-fragmented frame, use `newframe = frame.copy()`
    self.df[f"TREND_LR_R2{suffix}"] = r2s

tests/test_alpha_factory.py::test_cross_timeframe_ratios
tests/test_live_features.py::TestBuildLiveFeaturesSet07::test_returns_dataframe
  C:\Users\bwang\Documents\GitHub\CL_Analyst_Development\tests\data\..\..\src\features\alpha_factory.py:370: PerformanceWarning: DataFrame is highly fragmented.  This is usually the result of calling `frame.insert` many times, which has poor performance.  Consider joining all columns at once using pd.concat(axis=1) instead. To get a de-fragmented frame, use `newframe = frame.copy()`
    self.df[f"VOLFLOW_OBV_SLOPE{suffix}"] = (

tests/test_alpha_factory.py::test_cross_timeframe_ratios
tests/test_live_features.py::TestBuildLiveFeaturesSet07::test_returns_dataframe
  C:\Users\bwang\Documents\GitHub\CL_Analyst_Development\tests\data\..\..\src\features\alpha_factory.py:376: PerformanceWarning: DataFrame is highly fragmented.  This is usually the result of calling `frame.insert` many times, which has poor performance.  Consider joining all columns at once using pd.concat(axis=1) instead. To get a de-fragmented frame, use `newframe = frame.copy()`
    self.df[f"VOLFLOW_DIVERGENCE{suffix}"] = (

tests/test_alpha_factory.py::test_cross_timeframe_ratios
tests/test_live_features.py::TestBuildLiveFeaturesSet07::test_returns_dataframe
  C:\Users\bwang\Documents\GitHub\CL_Analyst_Development\tests\data\..\..\src\features\alpha_factory.py:382: PerformanceWarning: DataFrame is highly fragmented.  This is usually the result of calling `frame.insert` many times, which has poor performance.  Consider joining all columns at once using pd.concat(axis=1) instead. To get a de-fragmented frame, use `newframe = frame.copy()`
    self.df[f"VOLFLOW_VWAP_DIST{suffix}"] = (self.close - vwap) / vwap

tests/test_alpha_factory.py::test_cross_timeframe_ratios
tests/test_live_features.py::TestBuildLiveFeaturesSet07::test_returns_dataframe
  C:\Users\bwang\Documents\GitHub\CL_Analyst_Development\tests\data\..\..\src\features\alpha_factory.py:389: PerformanceWarning: DataFrame is highly fragmented.  This is usually the result of calling `frame.insert` many times, which has poor performance.  Consider joining all columns at once using pd.concat(axis=1) instead. To get a de-fragmented frame, use `newframe = frame.copy()`
    self.df[f"VOLFLOW_CMF{suffix}"] = (

tests/test_alpha_factory.py::test_cross_timeframe_ratios
tests/test_live_features.py::TestBuildLiveFeaturesSet07::test_returns_dataframe
  C:\Users\bwang\Documents\GitHub\CL_Analyst_Development\tests\data\..\..\src\features\alpha_factory.py:484: PerformanceWarning: DataFrame is highly fragmented.  This is usually the result of calling `frame.insert` many times, which has poor performance.  Consider joining all columns at once using pd.concat(axis=1) instead. To get a de-fragmented frame, use `newframe = frame.copy()`
    self.df[f"DIST_SKEW{suffix}"] = log_ret.rolling(window).skew()

tests/test_alpha_factory.py::test_cross_timeframe_ratios
tests/test_live_features.py::TestBuildLiveFeaturesSet07::test_returns_dataframe
  C:\Users\bwang\Documents\GitHub\CL_Analyst_Development\tests\data\..\..\src\features\alpha_factory.py:487: PerformanceWarning: DataFrame is highly fragmented.  This is usually the result of calling `frame.insert` many times, which has poor performance.  Consider joining all columns at once using pd.concat(axis=1) instead. To get a de-fragmented frame, use `newframe = frame.copy()`
    self.df[f"DIST_KURT{suffix}"] = log_ret.rolling(window).kurt()

tests/test_alpha_factory.py::test_cross_timeframe_ratios
tests/test_live_features.py::TestBuildLiveFeaturesSet07::test_returns_dataframe
  C:\Users\bwang\Documents\GitHub\CL_Analyst_Development\tests\data\..\..\src\features\alpha_factory.py:492: PerformanceWarning: DataFrame is highly fragmented.  This is usually the result of calling `frame.insert` many times, which has poor performance.  Consider joining all columns at once using pd.concat(axis=1) instead. To get a de-fragmented frame, use `newframe = frame.copy()`
    self.df[f"DIST_ZSCORE{suffix}"] = (

tests/test_alpha_factory.py::test_cross_timeframe_ratios
tests/test_live_features.py::TestBuildLiveFeaturesSet07::test_returns_dataframe
  C:\Users\bwang\Documents\GitHub\CL_Analyst_Development\tests\data\..\..\src\features\alpha_factory.py:508: PerformanceWarning: DataFrame is highly fragmented.  This is usually the result of calling `frame.insert` many times, which has poor performance.  Consider joining all columns at once using pd.concat(axis=1) instead. To get a de-fragmented frame, use `newframe = frame.copy()`
    self.df[f"MOM_STOCH_K{suffix}"] = stoch_k

tests/test_alpha_factory.py::test_cross_timeframe_ratios
tests/test_live_features.py::TestBuildLiveFeaturesSet07::test_returns_dataframe
  C:\Users\bwang\Documents\GitHub\CL_Analyst_Development\tests\data\..\..\src\features\alpha_factory.py:511: PerformanceWarning: DataFrame is highly fragmented.  This is usually the result of calling `frame.insert` many times, which has poor performance.  Consider joining all columns at once using pd.concat(axis=1) instead. To get a de-fragmented frame, use `newframe = frame.copy()`
    self.df[f"MOM_STOCH_D{suffix}"] = stoch_k.rolling(3).mean()

tests/test_alpha_factory.py::test_cross_timeframe_ratios
tests/test_live_features.py::TestBuildLiveFeaturesSet07::test_returns_dataframe
  C:\Users\bwang\Documents\GitHub\CL_Analyst_Development\tests\data\..\..\src\features\alpha_factory.py:526: PerformanceWarning: DataFrame is highly fragmented.  This is usually the result of calling `frame.insert` many times, which has poor performance.  Consider joining all columns at once using pd.concat(axis=1) instead. To get a de-fragmented frame, use `newframe = frame.copy()`
    self.df[f"EXHAUST_CUM_RET{suffix}"] = cum_ret

tests/test_alpha_factory.py::test_cross_timeframe_ratios
tests/test_live_features.py::TestBuildLiveFeaturesSet07::test_returns_dataframe
  C:\Users\bwang\Documents\GitHub\CL_Analyst_Development\tests\data\..\..\src\features\alpha_factory.py:634: PerformanceWarning: DataFrame is highly fragmented.  This is usually the result of calling `frame.insert` many times, which has poor performance.  Consider joining all columns at once using pd.concat(axis=1) instead. To get a de-fragmented frame, use `newframe = frame.copy()`
    self.df["CROSS_VOL_RATIO_1D_35D"] = (

tests/test_alpha_factory.py::test_cross_timeframe_ratios
tests/test_live_features.py::TestBuildLiveFeaturesSet07::test_returns_dataframe
  C:\Users\bwang\Documents\GitHub\CL_Analyst_Development\tests\data\..\..\src\features\alpha_factory.py:639: PerformanceWarning: DataFrame is highly fragmented.  This is usually the result of calling `frame.insert` many times, which has poor performance.  Consider joining all columns at once using pd.concat(axis=1) instead. To get a de-fragmented frame, use `newframe = frame.copy()`
    self.df["CROSS_VOL_RATIO_3D_14D"] = (

tests/test_alpha_factory.py::test_cross_timeframe_ratios
tests/test_live_features.py::TestBuildLiveFeaturesSet07::test_returns_dataframe
  C:\Users\bwang\Documents\GitHub\CL_Analyst_Development\tests\data\..\..\src\features\alpha_factory.py:646: PerformanceWarning: DataFrame is highly fragmented.  This is usually the result of calling `frame.insert` many times, which has poor performance.  Consider joining all columns at once using pd.concat(axis=1) instead. To get a de-fragmented frame, use `newframe = frame.copy()`
    self.df["CROSS_TREND_DIFF_1D_35D"] = (

tests/test_alpha_factory.py::test_cross_timeframe_ratios
tests/test_live_features.py::TestBuildLiveFeaturesSet07::test_returns_dataframe
  C:\Users\bwang\Documents\GitHub\CL_Analyst_Development\tests\data\..\..\src\features\alpha_factory.py:651: PerformanceWarning: DataFrame is highly fragmented.  This is usually the result of calling `frame.insert` many times, which has poor performance.  Consider joining all columns at once using pd.concat(axis=1) instead. To get a de-fragmented frame, use `newframe = frame.copy()`
    self.df["CROSS_TREND_DIFF_3D_14D"] = (

tests/test_alpha_factory.py::test_cross_timeframe_ratios
tests/test_live_features.py::TestBuildLiveFeaturesSet07::test_returns_dataframe
  C:\Users\bwang\Documents\GitHub\CL_Analyst_Development\tests\data\..\..\src\features\alpha_factory.py:658: PerformanceWarning: DataFrame is highly fragmented.  This is usually the result of calling `frame.insert` many times, which has poor performance.  Consider joining all columns at once using pd.concat(axis=1) instead. To get a de-fragmented frame, use `newframe = frame.copy()`
    self.df["CROSS_VWAP_DIFF_1D_35D"] = (

tests/test_alpha_factory.py::test_cross_timeframe_ratios
tests/test_live_features.py::TestBuildLiveFeaturesSet07::test_returns_dataframe
  C:\Users\bwang\Documents\GitHub\CL_Analyst_Development\tests\data\..\..\src\features\alpha_factory.py:435: PerformanceWarning: DataFrame is highly fragmented.  This is usually the result of calling `frame.insert` many times, which has poor performance.  Consider joining all columns at once using pd.concat(axis=1) instead. To get a de-fragmented frame, use `newframe = frame.copy()`
    self.df["MOM_RSI_14"] = rsi if isinstance(rsi, pd.Series) else rsi.iloc[:, 0]

tests/test_alpha_factory.py::test_cross_timeframe_ratios
tests/test_live_features.py::TestBuildLiveFeaturesSet07::test_returns_dataframe
  C:\Users\bwang\Documents\GitHub\CL_Analyst_Development\tests\data\..\..\src\features\alpha_factory.py:446: PerformanceWarning: DataFrame is highly fragmented.  This is usually the result of calling `frame.insert` many times, which has poor performance.  Consider joining all columns at once using pd.concat(axis=1) instead. To get a de-fragmented frame, use `newframe = frame.copy()`
    self.df["MOM_BB_Width"] = bb_width if bb_width is not None else np.nan

tests/test_alpha_factory.py::test_cross_timeframe_ratios
tests/test_live_features.py::TestBuildLiveFeaturesSet07::test_returns_dataframe
  C:\Users\bwang\Documents\GitHub\CL_Analyst_Development\tests\data\..\..\src\features\alpha_factory.py:447: PerformanceWarning: DataFrame is highly fragmented.  This is usually the result of calling `frame.insert` many times, which has poor performance.  Consider joining all columns at once using pd.concat(axis=1) instead. To get a de-fragmented frame, use `newframe = frame.copy()`
    self.df["MOM_BB_PctB"] = bb_pctb if bb_pctb is not None else np.nan

tests/test_alpha_factory.py::test_cross_timeframe_ratios
tests/test_live_features.py::TestBuildLiveFeaturesSet07::test_returns_dataframe
  C:\Users\bwang\Documents\GitHub\CL_Analyst_Development\tests\data\..\..\src\features\alpha_factory.py:455: PerformanceWarning: DataFrame is highly fragmented.  This is usually the result of calling `frame.insert` many times, which has poor performance.  Consider joining all columns at once using pd.concat(axis=1) instead. To get a de-fragmented frame, use `newframe = frame.copy()`
    self.df["MOM_ADX_14"] = adx.iloc[:, 0]

tests/test_alpha_factory.py::test_cross_timeframe_ratios
tests/test_live_features.py::TestBuildLiveFeaturesSet07::test_returns_dataframe
  C:\Users\bwang\Documents\GitHub\CL_Analyst_Development\tests\data\..\..\src\features\alpha_factory.py:456: PerformanceWarning: DataFrame is highly fragmented.  This is usually the result of calling `frame.insert` many times, which has poor performance.  Consider joining all columns at once using pd.concat(axis=1) instead. To get a de-fragmented frame, use `newframe = frame.copy()`
    self.df["MOM_DMP_14"] = adx.iloc[:, 1]

tests/test_alpha_factory.py::test_cross_timeframe_ratios
tests/test_live_features.py::TestBuildLiveFeaturesSet07::test_returns_dataframe
  C:\Users\bwang\Documents\GitHub\CL_Analyst_Development\tests\data\..\..\src\features\alpha_factory.py:457: PerformanceWarning: DataFrame is highly fragmented.  This is usually the result of calling `frame.insert` many times, which has poor performance.  Consider joining all columns at once using pd.concat(axis=1) instead. To get a de-fragmented frame, use `newframe = frame.copy()`
    self.df["MOM_DMN_14"] = adx.iloc[:, 2]

tests/test_alpha_factory.py::test_cross_timeframe_ratios
tests/test_live_features.py::TestBuildLiveFeaturesSet07::test_returns_dataframe
  C:\Users\bwang\Documents\GitHub\CL_Analyst_Development\tests\data\..\..\src\features\alpha_factory.py:462: PerformanceWarning: DataFrame is highly fragmented.  This is usually the result of calling `frame.insert` many times, which has poor performance.  Consider joining all columns at once using pd.concat(axis=1) instead. To get a de-fragmented frame, use `newframe = frame.copy()`
    self.df["MOM_MACD"] = macd.iloc[:, 0]

tests/test_alpha_factory.py::test_cross_timeframe_ratios
tests/test_live_features.py::TestBuildLiveFeaturesSet07::test_returns_dataframe
  C:\Users\bwang\Documents\GitHub\CL_Analyst_Development\tests\data\..\..\src\features\alpha_factory.py:463: PerformanceWarning: DataFrame is highly fragmented.  This is usually the result of calling `frame.insert` many times, which has poor performance.  Consider joining all columns at once using pd.concat(axis=1) instead. To get a de-fragmented frame, use `newframe = frame.copy()`
    self.df["MOM_MACD_Signal"] = macd.iloc[:, 1]

tests/test_alpha_factory.py::test_cross_timeframe_ratios
tests/test_live_features.py::TestBuildLiveFeaturesSet07::test_returns_dataframe
  C:\Users\bwang\Documents\GitHub\CL_Analyst_Development\tests\data\..\..\src\features\alpha_factory.py:464: PerformanceWarning: DataFrame is highly fragmented.  This is usually the result of calling `frame.insert` many times, which has poor performance.  Consider joining all columns at once using pd.concat(axis=1) instead. To get a de-fragmented frame, use `newframe = frame.copy()`
    self.df["MOM_MACD_Hist"] = macd.iloc[:, 2]

tests/test_backtest_engine.py::TestFromConfig::test_from_config_defaults
tests/test_backtest_engine.py::TestFromConfig::test_from_config_overrides
tests/test_backtest_engine.py::TestSingleModelStrategy::test_default_execution_class_is_single
tests/test_backtest_engine.py::TestFromConfigCooldowns::test_from_config_reads_separate_cooldowns
tests/test_backtest_engine.py::TestFromConfigCooldowns::test_from_config_fallback_to_cooldown_bars
tests/test_backtest_engine.py::TestConsecutiveSignalThreshold::test_from_config_reads_threshold
tests/test_backtest_engine.py::TestConsecutiveSignalThreshold::test_from_config_defaults_to_zero
  C:\Users\bwang\Documents\GitHub\CL_Analyst_Development\tests\data\..\..\src\live_execution\strategies\execution_models.py:667: UserWarning: [SingleModelStrategy] No threshold found in config! Checked models.long.threshold and entry_threshold. Defaulting to 1.0 (NO TRADES). Set a threshold explicitly.
    return cls(config)

tests/test_bad_data.py: 13 warnings
  C:\Users\bwang\anaconda3\envs\trader\lib\site-packages\pandas\core\arraylike.py:402: RuntimeWarning: invalid value encountered in log
    result = getattr(ufunc, method)(*inputs, **kwargs)

tests/test_live_features.py::TestBuildLiveFeaturesSet07::test_returns_dataframe
tests/test_live_features.py::TestBuildLiveFeaturesSet07::test_returns_dataframe
tests/test_live_features.py::TestBuildLiveFeaturesSet07::test_returns_dataframe
tests/test_live_features.py::TestBuildLiveFeaturesSet07::test_returns_dataframe
tests/test_live_features.py::TestBuildLiveFeaturesSet07::test_returns_dataframe
tests/test_live_features.py::TestBuildLiveFeaturesSet07::test_returns_dataframe
  C:\Users\bwang\Documents\GitHub\CL_Analyst_Development\tests\data\..\..\src\features\alpha_factory.py:426: PerformanceWarning: DataFrame is highly fragmented.  This is usually the result of calling `frame.insert` many times, which has poor performance.  Consider joining all columns at once using pd.concat(axis=1) instead. To get a de-fragmented frame, use `newframe = frame.copy()`
    self.df[f"MACRO_WIDTH_{label}"] = range_span / self.close

tests/test_live_features.py::TestBuildLiveFeaturesSet07::test_returns_dataframe
tests/test_live_features.py::TestBuildLiveFeaturesSet07::test_returns_dataframe
tests/test_live_features.py::TestBuildLiveFeaturesSet07::test_returns_dataframe
tests/test_live_features.py::TestBuildLiveFeaturesSet07::test_returns_dataframe
tests/test_live_features.py::TestBuildLiveFeaturesSet07::test_returns_dataframe
tests/test_live_features.py::TestBuildLiveFeaturesSet07::test_returns_dataframe
  C:\Users\bwang\Documents\GitHub\CL_Analyst_Development\tests\data\..\..\src\features\alpha_factory.py:427: PerformanceWarning: DataFrame is highly fragmented.  This is usually the result of calling `frame.insert` many times, which has poor performance.  Consider joining all columns at once using pd.concat(axis=1) instead. To get a de-fragmented frame, use `newframe = frame.copy()`
    self.df[f"MACRO_POS_{label}"] = (self.close - roll_min) / range_span

-- Docs: https://docs.pytest.org/en/stable/how-to/capture-warnings.html
=========================== short test summary info ===========================
FAILED tests/test_reconnection.py::TestReconnect::test_reconnect_success_first_attempt
FAILED tests/test_reconnection.py::TestReconnect::test_reconnect_retries_on_failure
FAILED tests/test_reconnection.py::TestReconnect::test_reconnect_gives_up_after_max_attempts
FAILED tests/test_reconnection.py::TestReconnect::test_reconnect_calls_resubscribe_and_backfill
FAILED tests/test_reconnection.py::TestReconnect::test_reconnect_re_registers_error_handler
FAILED tests/test_reconnection.py::TestReconnect::test_reconnect_disconnects_before_connecting
FAILED tests/test_reconnection.py::TestReconnect::test_reconnect_cancels_stale_subscriptions
=========== 7 failed, 438 passed, 110 warnings in 184.55s (0:03:04) ===========

conda.exe : ERROR conda.cli.main_run:execute(125): `conda run python -m pytest tests/ -v --tb=short -m not slow -q` 
failed. (See above for error)
At C:\Users\bwang\anaconda3\shell\condabin\Conda.psm1:153 char:17
+ ...             & $Env:CONDA_EXE $Env:_CE_M $Env:_CE_CONDA $Command @Othe ...
+                 ~~~~~~~~~~~~~~~~~~~~~~~~~~~~~~~~~~~~~~~~~~~~~~~~~~~~~~~~~
    + CategoryInfo          : NotSpecified: (ERROR conda.cli...bove for error):String) [], RemoteException
    + FullyQualifiedErrorId : NativeCommandError
 
